<?xml version="1.0" encoding="UTF-8"?>
<!-- Generated by org.testng.reporters.JUnitReportReporter -->
<testsuite skipped="0" hostname="TYSS-4F-081" name="scripts.TestDate" tests="1" failures="0" timestamp="18 Oct 2018 10:22:46 GMT" time="12.566" errors="0">
  <testcase name="TestDates" time="12.566" classname="scripts.TestDate"/>
</testsuite> <!-- scripts.TestDate -->
