<?xml version="1.0" encoding="UTF-8"?>
<!-- Generated by org.testng.reporters.JUnitReportReporter -->
<testsuite skipped="0" hostname="TYSS-4F-081" name="scripts.TestDate" tests="1" failures="0" timestamp="18 Oct 2018 11:44:48 GMT" time="13.179" errors="0">
  <testcase name="TestDates" time="13.179" classname="scripts.TestDate"/>
</testsuite> <!-- scripts.TestDate -->
